Using pre-set license
Built from '2022.3/staging' branch; Version is '2022.3.8f1 (b5eafc012955) revision 11922172'; Using compiler version '192829333'; Build Type 'Release'
OS: 'Windows 10  (10.0.19045) 64bit Professional' Language: 'en' Physical Memory: 32682 MB
BatchMode: 1, IsHumanControllingUs: 0, StartBugReporterOnCrash: 0, Is64bit: 1, IsPro: 1

COMMAND LINE ARGUMENTS:
C:\Program Files\Unity\Hub\Editor\2022.3.8f1\Editor\Unity.exe
-adb2
-batchMode
-noUpm
-name
AssetImportWorker2
-projectPath
C:/Users/Deves/Documents/GitHub/Angel-Core/ANGEL CORE
-logFile
Logs/AssetImportWorker2.log
-srvPort
53631
Successfully changed project path to: C:/Users/Deves/Documents/GitHub/Angel-Core/ANGEL CORE
C:/Users/Deves/Documents/GitHub/Angel-Core/ANGEL CORE
[UnityMemory] Configuration Parameters - Can be set up in boot.config
    "memorysetup-bucket-allocator-granularity=16"
    "memorysetup-bucket-allocator-bucket-count=8"
    "memorysetup-bucket-allocator-block-size=33554432"
    "memorysetup-bucket-allocator-block-count=8"
    "memorysetup-main-allocator-block-size=16777216"
    "memorysetup-thread-allocator-block-size=16777216"
    "memorysetup-gfx-main-allocator-block-size=16777216"
    "memorysetup-gfx-thread-allocator-block-size=16777216"
    "memorysetup-cache-allocator-block-size=4194304"
    "memorysetup-typetree-allocator-block-size=2097152"
    "memorysetup-profiler-bucket-allocator-granularity=16"
    "memorysetup-profiler-bucket-allocator-bucket-count=8"
    "memorysetup-profiler-bucket-allocator-block-size=33554432"
    "memorysetup-profiler-bucket-allocator-block-count=8"
    "memorysetup-profiler-allocator-block-size=16777216"
    "memorysetup-profiler-editor-allocator-block-size=1048576"
    "memorysetup-temp-allocator-size-main=16777216"
    "memorysetup-job-temp-allocator-block-size=2097152"
    "memorysetup-job-temp-allocator-block-size-background=1048576"
    "memorysetup-job-temp-allocator-reduction-small-platforms=262144"
    "memorysetup-allocator-temp-initial-block-size-main=262144"
    "memorysetup-allocator-temp-initial-block-size-worker=262144"
    "memorysetup-temp-allocator-size-background-worker=32768"
    "memorysetup-temp-allocator-size-job-worker=262144"
    "memorysetup-temp-allocator-size-preload-manager=33554432"
    "memorysetup-temp-allocator-size-nav-mesh-worker=65536"
    "memorysetup-temp-allocator-size-audio-worker=65536"
    "memorysetup-temp-allocator-size-cloud-worker=32768"
    "memorysetup-temp-allocator-size-gi-baking-worker=262144"
    "memorysetup-temp-allocator-size-gfx=262144"
Player connection [31540] Host "[IP] 192.168.0.131 [Port] 0 [Flags] 2 [Guid] 1849389981 [EditorId] 1849389981 [Version] 1048832 [Id] WindowsEditor(7,DESKTOP-4GKF08P) [Debug] 1 [PackageName] WindowsEditor [ProjectName] Editor" joined multi-casting on [225.0.0.222:54997]...

Player connection [31540] Host "[IP] 192.168.0.131 [Port] 0 [Flags] 2 [Guid] 1849389981 [EditorId] 1849389981 [Version] 1048832 [Id] WindowsEditor(7,DESKTOP-4GKF08P) [Debug] 1 [PackageName] WindowsEditor [ProjectName] Editor" joined alternative multi-casting on [225.0.0.222:34997]...

[Physics::Module] Initialized MultithreadedJobDispatcher with 15 workers.
Refreshing native plugins compatible for Editor in 7.31 ms, found 3 plugins.
Preloading 0 native plugins for Editor in 0.00 ms.
Initialize engine version: 2022.3.8f1 (b5eafc012955)
[Subsystems] Discovering subsystems at path C:/Program Files/Unity/Hub/Editor/2022.3.8f1/Editor/Data/Resources/UnitySubsystems
[Subsystems] Discovering subsystems at path C:/Users/Deves/Documents/GitHub/Angel-Core/ANGEL CORE/Assets
GfxDevice: creating device client; threaded=0; jobified=0
Direct3D:
    Version:  Direct3D 11.0 [level 11.1]
    Renderer: NVIDIA GeForce RTX 3060 Ti (ID=0x2486)
    Vendor:   NVIDIA
    VRAM:     8024 MB
    Driver:   32.0.15.6109
Initialize mono
Mono path[0] = 'C:/Program Files/Unity/Hub/Editor/2022.3.8f1/Editor/Data/Managed'
Mono path[1] = 'C:/Program Files/Unity/Hub/Editor/2022.3.8f1/Editor/Data/MonoBleedingEdge/lib/mono/unityjit-win32'
Mono config path = 'C:/Program Files/Unity/Hub/Editor/2022.3.8f1/Editor/Data/MonoBleedingEdge/etc'
Using monoOptions --debugger-agent=transport=dt_socket,embedding=1,server=y,suspend=n,address=127.0.0.1:56536
Begin MonoManager ReloadAssembly
Registering precompiled unity dll's ...
Register platform support module: C:/Program Files/Unity/Hub/Editor/2022.3.8f1/Editor/Data/PlaybackEngines/WindowsStandaloneSupport/UnityEditor.WindowsStandalone.Extensions.dll
Register platform support module: C:/Program Files/Unity/Hub/Editor/2022.3.8f1/Editor/Data/PlaybackEngines/MetroSupport/UnityEditor.UWP.Extensions.dll
Registered in 0.009773 seconds.
- Loaded All Assemblies, in  0.376 seconds
Native extension for UWP target not found
Native extension for WindowsStandalone target not found
Mono: successfully reloaded assembly
- Finished resetting the current domain, in  0.282 seconds
Domain Reload Profiling: 657ms
	BeginReloadAssembly (113ms)
		ExecutionOrderSort (0ms)
		DisableScriptedObjects (0ms)
		BackupInstance (0ms)
		ReleaseScriptingObjects (0ms)
		CreateAndSetChildDomain (1ms)
	RebuildCommonClasses (36ms)
	RebuildNativeTypeToScriptingClass (12ms)
	initialDomainReloadingComplete (64ms)
	LoadAllAssembliesAndSetupDomain (149ms)
		LoadAssemblies (111ms)
		RebuildTransferFunctionScriptingTraits (0ms)
		AnalyzeDomain (147ms)
			TypeCache.Refresh (145ms)
				TypeCache.ScanAssembly (131ms)
			ScanForSourceGeneratedMonoScriptInfo (0ms)
			ResolveRequiredComponents (1ms)
	FinalizeReload (283ms)
		ReleaseScriptCaches (0ms)
		RebuildScriptCaches (0ms)
		SetupLoadedEditorAssemblies (215ms)
			LogAssemblyErrors (0ms)
			InitializePlatformSupportModulesInManaged (12ms)
			SetLoadedEditorAssemblies (7ms)
			RefreshPlugins (0ms)
			BeforeProcessingInitializeOnLoad (3ms)
			ProcessInitializeOnLoadAttributes (139ms)
			ProcessInitializeOnLoadMethodAttributes (55ms)
			AfterProcessingInitializeOnLoad (0ms)
			EditorAssembliesLoaded (0ms)
		ExecutionOrderSort2 (0ms)
		AwakeInstancesAfterBackupRestoration (0ms)
========================================================================
Worker process is ready to serve import requests
Begin MonoManager ReloadAssembly
- Loaded All Assemblies, in  0.661 seconds
Refreshing native plugins compatible for Editor in 3.04 ms, found 3 plugins.
Native extension for UWP target not found
Native extension for WindowsStandalone target not found
Mono: successfully reloaded assembly
- Finished resetting the current domain, in  0.763 seconds
Domain Reload Profiling: 1422ms
	BeginReloadAssembly (154ms)
		ExecutionOrderSort (0ms)
		DisableScriptedObjects (6ms)
		BackupInstance (0ms)
		ReleaseScriptingObjects (0ms)
		CreateAndSetChildDomain (21ms)
	RebuildCommonClasses (35ms)
	RebuildNativeTypeToScriptingClass (12ms)
	initialDomainReloadingComplete (43ms)
	LoadAllAssembliesAndSetupDomain (415ms)
		LoadAssemblies (316ms)
		RebuildTransferFunctionScriptingTraits (0ms)
		AnalyzeDomain (187ms)
			TypeCache.Refresh (167ms)
				TypeCache.ScanAssembly (152ms)
			ScanForSourceGeneratedMonoScriptInfo (15ms)
			ResolveRequiredComponents (4ms)
	FinalizeReload (763ms)
		ReleaseScriptCaches (0ms)
		RebuildScriptCaches (0ms)
		SetupLoadedEditorAssemblies (599ms)
			LogAssemblyErrors (0ms)
			InitializePlatformSupportModulesInManaged (9ms)
			SetLoadedEditorAssemblies (6ms)
			RefreshPlugins (0ms)
			BeforeProcessingInitializeOnLoad (99ms)
			ProcessInitializeOnLoadAttributes (456ms)
			ProcessInitializeOnLoadMethodAttributes (23ms)
			AfterProcessingInitializeOnLoad (8ms)
			EditorAssembliesLoaded (0ms)
		ExecutionOrderSort2 (0ms)
		AwakeInstancesAfterBackupRestoration (6ms)
Launched and connected shader compiler UnityShaderCompiler.exe after 0.04 seconds
Refreshing native plugins compatible for Editor in 2.91 ms, found 3 plugins.
Preloading 0 native plugins for Editor in 0.00 ms.
Unloading 3094 Unused Serialized files (Serialized files now loaded: 0)
Unloading 29 unused Assets / (56.3 KB). Loaded Objects now: 3556.
Memory consumption went from 114.6 MB to 114.5 MB.
Total: 3.334900 ms (FindLiveObjects: 0.249500 ms CreateObjectMapping: 0.185900 ms MarkObjects: 2.795000 ms  DeleteObjects: 0.103600 ms)

AssetImportParameters requested are different than current active one (requested -> active):
  custom:container-demuxer-ogg: 62fdf1f143b41e24485cea50d1cbac27 -> 
  custom:video-decoder-ogg-theora: a1e56fd34408186e4bbccfd4996cb3dc -> 
  custom:framework-win-MediaFoundation: 216162199b28c13a410421893ffa2e32 -> 
  custom:CustomObjectIndexerAttribute: 756ad292c208cfabdd7b50bc23989ffe -> 
  custom:container-demuxer-webm: 4f35f7cbe854078d1ac9338744f61a02 -> 
  custom:container-muxer-webm: aa71ff27fc2769a1b78a27578f13a17b -> 
  custom:video-decoder-webm-vp8: 9c59270c3fd7afecdb556c50c9e8de78 -> 
  custom:SearchIndexIgnoredProperties: e643bd26f0fe6173181afceb89e7c659 -> 
  custom:AudioImporter_EditorPlatform: d09bf68614088b80899f8185d706f6e7 -> 
  custom:video-encoder-webm-vp8: eb34c28f22e8b96e1ab97ce403110664 -> 
  custom:audio-decoder-ogg-vorbis: bf7c407c2cedff20999df2af8eb42d56 -> 
  custom:audio-encoder-webm-vorbis: bf7c407c2cedff20999df2af8eb42d56 -> 
========================================================================
Received Import Request.
  Time since last request: 131306.946805 seconds.
  path: Assets/Textures/Dark Marble.mat
  artifactKey: Guid(c8cbd7ba52025a74597a6e7021c33aa7) Importer(815301076,1909f56bfc062723c751e8b465ee728b)
Start importing Assets/Textures/Dark Marble.mat using Guid(c8cbd7ba52025a74597a6e7021c33aa7) Importer(815301076,1909f56bfc062723c751e8b465ee728b)  -> (artifact id: 'c4a6c8d0f66fb359ff046fd9ff9434d1') in 0.212467 seconds
Number of updated asset objects reloaded before import = 0
Number of asset objects unloaded after import = 1
========================================================================
Received Import Request.
  Time since last request: 63.422085 seconds.
  path: Assets/Textures/Rocky Grass.mat
  artifactKey: Guid(2a98387608c39004998866a442330854) Importer(815301076,1909f56bfc062723c751e8b465ee728b)
Start importing Assets/Textures/Rocky Grass.mat using Guid(2a98387608c39004998866a442330854) Importer(815301076,1909f56bfc062723c751e8b465ee728b)  -> (artifact id: '0d1c13e88fb276d45dff9f0e6c3c1989') in 0.018998 seconds
Number of updated asset objects reloaded before import = 0
Number of asset objects unloaded after import = 1
========================================================================
Received Import Request.
  Time since last request: 151.506427 seconds.
  path: Assets/Materials
  artifactKey: Guid(72881d6383450d443ad5ac15b146298a) Importer(815301076,1909f56bfc062723c751e8b465ee728b)
Start importing Assets/Materials using Guid(72881d6383450d443ad5ac15b146298a) Importer(815301076,1909f56bfc062723c751e8b465ee728b)  -> (artifact id: '2762f132ef528474ac44fade930708ae') in 0.000498 seconds
Number of updated asset objects reloaded before import = 0
Number of asset objects unloaded after import = 0
========================================================================
Received Import Request.
  Time since last request: 9.593298 seconds.
  path: Assets/Materials/Dark Marble.mat
  artifactKey: Guid(c8cbd7ba52025a74597a6e7021c33aa7) Importer(815301076,1909f56bfc062723c751e8b465ee728b)
Start importing Assets/Materials/Dark Marble.mat using Guid(c8cbd7ba52025a74597a6e7021c33aa7) Importer(815301076,1909f56bfc062723c751e8b465ee728b)  -> (artifact id: 'ab1b5e0e33da404cc60e77f2370cc93a') in 0.022818 seconds
Number of updated asset objects reloaded before import = 0
Number of asset objects unloaded after import = 2
========================================================================
Received Import Request.
  Time since last request: 157.729717 seconds.
  path: Assets/DevTex/Materials
  artifactKey: Guid(6eb892cd89e778c4498ce24ce5311e83) Importer(815301076,1909f56bfc062723c751e8b465ee728b)
Start importing Assets/DevTex/Materials using Guid(6eb892cd89e778c4498ce24ce5311e83) Importer(815301076,1909f56bfc062723c751e8b465ee728b)  -> (artifact id: '53f6d948c03892a72419d5f8e3abf156') in 0.000789 seconds
Number of updated asset objects reloaded before import = 0
Number of asset objects unloaded after import = 0
========================================================================
Received Import Request.
  Time since last request: 0.049336 seconds.
  path: Assets/DevTex/Materials/Dev_matte_black.mat
  artifactKey: Guid(9e053f3b319d5964ebc94e9a4c516165) Importer(815301076,1909f56bfc062723c751e8b465ee728b)
Start importing Assets/DevTex/Materials/Dev_matte_black.mat using Guid(9e053f3b319d5964ebc94e9a4c516165) Importer(815301076,1909f56bfc062723c751e8b465ee728b)  -> (artifact id: '3bfc1692f96766e7a3d9ddf31b662f97') in 0.019222 seconds
Number of updated asset objects reloaded before import = 0
Number of asset objects unloaded after import = 2
========================================================================
Received Import Request.
  Time since last request: 0.000023 seconds.
  path: Assets/DevTex/Materials/Dev_matte_grey50.mat
  artifactKey: Guid(363a19295a9ccab46953a4c375ee1a26) Importer(815301076,1909f56bfc062723c751e8b465ee728b)
Start importing Assets/DevTex/Materials/Dev_matte_grey50.mat using Guid(363a19295a9ccab46953a4c375ee1a26) Importer(815301076,1909f56bfc062723c751e8b465ee728b)  -> (artifact id: 'e8fa483333fb6f1ba2e2992151b394b4') in 0.019086 seconds
Number of updated asset objects reloaded before import = 0
Number of asset objects unloaded after import = 2
========================================================================
Received Import Request.
  Time since last request: 0.000019 seconds.
  path: Assets/DevTex/Materials/Dev_reflective_90.mat
  artifactKey: Guid(23765eb7d4cd4b641906938dfcfa3714) Importer(815301076,1909f56bfc062723c751e8b465ee728b)
Start importing Assets/DevTex/Materials/Dev_reflective_90.mat using Guid(23765eb7d4cd4b641906938dfcfa3714) Importer(815301076,1909f56bfc062723c751e8b465ee728b)  -> (artifact id: 'b715245d9002be76c30ab6f008841882') in 0.255511 seconds
Number of updated asset objects reloaded before import = 0
Number of asset objects unloaded after import = 3
========================================================================
Received Import Request.
  Time since last request: 0.000021 seconds.
  path: Assets/DevTex/Materials/Dev_metallic_blue.mat
  artifactKey: Guid(34a344c7ede21d04eab5304f2292fb0f) Importer(815301076,1909f56bfc062723c751e8b465ee728b)
Start importing Assets/DevTex/Materials/Dev_metallic_blue.mat using Guid(34a344c7ede21d04eab5304f2292fb0f) Importer(815301076,1909f56bfc062723c751e8b465ee728b)  -> (artifact id: 'aa8e8341985889aa3e45e5cd1bc15d3d') in 0.018918 seconds
Number of updated asset objects reloaded before import = 0
Number of asset objects unloaded after import = 3
========================================================================
Received Import Request.
  Time since last request: 0.000091 seconds.
  path: Assets/DevTex/Materials/Dev_metallic_grey25.mat
  artifactKey: Guid(5ed4edfd77d485b4b9a3bdfb5d14c9d7) Importer(815301076,1909f56bfc062723c751e8b465ee728b)
Start importing Assets/DevTex/Materials/Dev_metallic_grey25.mat using Guid(5ed4edfd77d485b4b9a3bdfb5d14c9d7) Importer(815301076,1909f56bfc062723c751e8b465ee728b)  -> (artifact id: '6e123416c12c0f2cd62f2ab394504184') in 0.019075 seconds
Number of updated asset objects reloaded before import = 0
Number of asset objects unloaded after import = 3
========================================================================
Received Import Request.
  Time since last request: 0.000016 seconds.
  path: Assets/DevTex/Materials/Dev_trigger_small_listener.mat
  artifactKey: Guid(ba849e1ad6993524aa9e0f679bad6926) Importer(815301076,1909f56bfc062723c751e8b465ee728b)
Start importing Assets/DevTex/Materials/Dev_trigger_small_listener.mat using Guid(ba849e1ad6993524aa9e0f679bad6926) Importer(815301076,1909f56bfc062723c751e8b465ee728b)  -> (artifact id: '6f44b9cfd1df3d6d456c9d50ef1f04f3') in 0.253374 seconds
Number of updated asset objects reloaded before import = 0
Number of asset objects unloaded after import = 2
========================================================================
Received Import Request.
  Time since last request: 0.000024 seconds.
  path: Assets/DevTex/Materials/Dev_metallic_yellow.mat
  artifactKey: Guid(ec88c3b93ff6cf049a7cb7adcfe770c1) Importer(815301076,1909f56bfc062723c751e8b465ee728b)
Start importing Assets/DevTex/Materials/Dev_metallic_yellow.mat using Guid(ec88c3b93ff6cf049a7cb7adcfe770c1) Importer(815301076,1909f56bfc062723c751e8b465ee728b)  -> (artifact id: '4f018710f6e472c73b1cfeed49642eda') in 0.020045 seconds
Number of updated asset objects reloaded before import = 0
Number of asset objects unloaded after import = 3
========================================================================
Received Import Request.
  Time since last request: 0.000037 seconds.
  path: Assets/DevTex/Materials/Dev_zone_region.mat
  artifactKey: Guid(fb9ce5b5407235a4daa3f872ba28e4e2) Importer(815301076,1909f56bfc062723c751e8b465ee728b)
Start importing Assets/DevTex/Materials/Dev_zone_region.mat using Guid(fb9ce5b5407235a4daa3f872ba28e4e2) Importer(815301076,1909f56bfc062723c751e8b465ee728b)  -> (artifact id: '805f09aa1626f1de8fe2822938a31d10') in 0.021349 seconds
Number of updated asset objects reloaded before import = 0
Number of asset objects unloaded after import = 2
========================================================================
Received Import Request.
  Time since last request: 0.000023 seconds.
  path: Assets/DevTex/Materials/Dev_zone_spawn.mat
  artifactKey: Guid(05c303e4d1eeb5447a09259f494fb777) Importer(815301076,1909f56bfc062723c751e8b465ee728b)
Start importing Assets/DevTex/Materials/Dev_zone_spawn.mat using Guid(05c303e4d1eeb5447a09259f494fb777) Importer(815301076,1909f56bfc062723c751e8b465ee728b)  -> (artifact id: '54e3bba129537c4d332648e1f5bf4c4d') in 0.019773 seconds
Number of updated asset objects reloaded before import = 0
Number of asset objects unloaded after import = 2
========================================================================
Received Import Request.
  Time since last request: 0.000018 seconds.
  path: Assets/DevTex/Materials/Dev_matte_yellow.mat
  artifactKey: Guid(dc05a9a29e13e2d43a2f45e2a6b96733) Importer(815301076,1909f56bfc062723c751e8b465ee728b)
Start importing Assets/DevTex/Materials/Dev_matte_yellow.mat using Guid(dc05a9a29e13e2d43a2f45e2a6b96733) Importer(815301076,1909f56bfc062723c751e8b465ee728b)  -> (artifact id: 'cd8d5fa14866f2fdbb5f834692adfb89') in 0.017333 seconds
Number of updated asset objects reloaded before import = 0
Number of asset objects unloaded after import = 2
========================================================================
Received Import Request.
  Time since last request: 0.000016 seconds.
  path: Assets/DevTex/Materials/Dev_trigger_player.mat
  artifactKey: Guid(0100f9809fca72b4b9e2fa006bec3b50) Importer(815301076,1909f56bfc062723c751e8b465ee728b)
Start importing Assets/DevTex/Materials/Dev_trigger_player.mat using Guid(0100f9809fca72b4b9e2fa006bec3b50) Importer(815301076,1909f56bfc062723c751e8b465ee728b)  -> (artifact id: 'b880c235d2a965cc5c07b9c6817ae451') in 0.016772 seconds
Number of updated asset objects reloaded before import = 0
Number of asset objects unloaded after import = 2
========================================================================
Received Import Request.
  Time since last request: 0.000017 seconds.
  path: Assets/DevTex/Materials/Dev_matte_green.mat
  artifactKey: Guid(1df9c5f2636860f4fb4b19ecc9e80c62) Importer(815301076,1909f56bfc062723c751e8b465ee728b)
Start importing Assets/DevTex/Materials/Dev_matte_green.mat using Guid(1df9c5f2636860f4fb4b19ecc9e80c62) Importer(815301076,1909f56bfc062723c751e8b465ee728b)  -> (artifact id: 'be146644504b5a793d28429504a2f3c7') in 0.016405 seconds
Number of updated asset objects reloaded before import = 0
Number of asset objects unloaded after import = 2
========================================================================
Received Import Request.
  Time since last request: 0.000017 seconds.
  path: Assets/DevTex/Materials/Dev_trigger_small_Audio.mat
  artifactKey: Guid(48a9dce5ee727f449b768b1333bf5b5f) Importer(815301076,1909f56bfc062723c751e8b465ee728b)
Start importing Assets/DevTex/Materials/Dev_trigger_small_Audio.mat using Guid(48a9dce5ee727f449b768b1333bf5b5f) Importer(815301076,1909f56bfc062723c751e8b465ee728b)  -> (artifact id: '1b3a577d64ec70c1e09cf0e8185d5d9b') in 0.015473 seconds
Number of updated asset objects reloaded before import = 0
Number of asset objects unloaded after import = 2
========================================================================
Received Import Request.
  Time since last request: 0.000030 seconds.
  path: Assets/DevTex/Materials/Dev_matte_grey.mat
  artifactKey: Guid(a7ae6b34c1352bd419c92ad25692fcb1) Importer(815301076,1909f56bfc062723c751e8b465ee728b)
Start importing Assets/DevTex/Materials/Dev_matte_grey.mat using Guid(a7ae6b34c1352bd419c92ad25692fcb1) Importer(815301076,1909f56bfc062723c751e8b465ee728b)  -> (artifact id: 'f9fe1de6273e3db6fd733b5f9e6bab7c') in 0.014859 seconds
Number of updated asset objects reloaded before import = 0
Number of asset objects unloaded after import = 2
========================================================================
Received Import Request.
  Time since last request: 0.000017 seconds.
  path: Assets/DevTex/Materials/Dev_zone_hurt.mat
  artifactKey: Guid(f313821a38b213346878626c5f7fdb51) Importer(815301076,1909f56bfc062723c751e8b465ee728b)
Start importing Assets/DevTex/Materials/Dev_zone_hurt.mat using Guid(f313821a38b213346878626c5f7fdb51) Importer(815301076,1909f56bfc062723c751e8b465ee728b)  -> (artifact id: 'aa3a5da36f108b347760ebf474cb1bff') in 0.018771 seconds
Number of updated asset objects reloaded before import = 0
Number of asset objects unloaded after import = 2
========================================================================
Received Import Request.
  Time since last request: 0.000019 seconds.
  path: Assets/DevTex/Materials/Dev_metallic_grey50.mat
  artifactKey: Guid(20457073f8936cd4fbd445dfe7e2b7e4) Importer(815301076,1909f56bfc062723c751e8b465ee728b)
Start importing Assets/DevTex/Materials/Dev_metallic_grey50.mat using Guid(20457073f8936cd4fbd445dfe7e2b7e4) Importer(815301076,1909f56bfc062723c751e8b465ee728b)  -> (artifact id: '5468bf09be4233893a7476db7f917957') in 0.014667 seconds
Number of updated asset objects reloaded before import = 0
Number of asset objects unloaded after import = 3
========================================================================
Received Import Request.
  Time since last request: 0.000018 seconds.
  path: Assets/DevTex/Materials/Dev_metallic_black.mat
  artifactKey: Guid(ae497869dfdc1084f826de4aeacb8e85) Importer(815301076,1909f56bfc062723c751e8b465ee728b)
Start importing Assets/DevTex/Materials/Dev_metallic_black.mat using Guid(ae497869dfdc1084f826de4aeacb8e85) Importer(815301076,1909f56bfc062723c751e8b465ee728b)  -> (artifact id: '7d03cbc082b3b99601d7ffe57969d2b3') in 0.013825 seconds
Number of updated asset objects reloaded before import = 0
Number of asset objects unloaded after import = 3
========================================================================
Received Import Request.
  Time since last request: 0.000014 seconds.
  path: Assets/DevTex/Materials/Dev_trigger_small_waypoint.mat
  artifactKey: Guid(4651fdf8a9cee054cbc87e059224d512) Importer(815301076,1909f56bfc062723c751e8b465ee728b)
Start importing Assets/DevTex/Materials/Dev_trigger_small_waypoint.mat using Guid(4651fdf8a9cee054cbc87e059224d512) Importer(815301076,1909f56bfc062723c751e8b465ee728b)  -> (artifact id: '4b3c0272a2c01d77344a1a571768a18c') in 0.014591 seconds
Number of updated asset objects reloaded before import = 0
Number of asset objects unloaded after import = 2
========================================================================
Received Import Request.
  Time since last request: 0.000019 seconds.
  path: Assets/DevTex/Materials/Dev_trigger.mat
  artifactKey: Guid(76aac3d358f5d14429ab92e6eb0a4de0) Importer(815301076,1909f56bfc062723c751e8b465ee728b)
Start importing Assets/DevTex/Materials/Dev_trigger.mat using Guid(76aac3d358f5d14429ab92e6eb0a4de0) Importer(815301076,1909f56bfc062723c751e8b465ee728b)  -> (artifact id: '72e6b15d00c60b6fd386d711ce9f9f5e') in 0.014779 seconds
Number of updated asset objects reloaded before import = 0
Number of asset objects unloaded after import = 2
========================================================================
Received Import Request.
  Time since last request: 0.000021 seconds.
  path: Assets/DevTex/Materials/Dev_matte_grey75.mat
  artifactKey: Guid(d6cbb9d7d974ade448bd811a9cec399d) Importer(815301076,1909f56bfc062723c751e8b465ee728b)
Start importing Assets/DevTex/Materials/Dev_matte_grey75.mat using Guid(d6cbb9d7d974ade448bd811a9cec399d) Importer(815301076,1909f56bfc062723c751e8b465ee728b)  -> (artifact id: 'dea764a709c81b7f717d003e671cc3b1') in 0.016668 seconds
Number of updated asset objects reloaded before import = 0
Number of asset objects unloaded after import = 2
========================================================================
Received Import Request.
  Time since last request: 0.000020 seconds.
  path: Assets/DevTex/Materials/Dev_reflective_80.mat
  artifactKey: Guid(41faaa13f10018e4fbb11b3c5f032487) Importer(815301076,1909f56bfc062723c751e8b465ee728b)
Start importing Assets/DevTex/Materials/Dev_reflective_80.mat using Guid(41faaa13f10018e4fbb11b3c5f032487) Importer(815301076,1909f56bfc062723c751e8b465ee728b)  -> (artifact id: '54acbbb3ef1f5e05ec0ccb78b8ac322a') in 0.016087 seconds
Number of updated asset objects reloaded before import = 0
Number of asset objects unloaded after import = 3
========================================================================
Received Import Request.
  Time since last request: 0.000024 seconds.
  path: Assets/DevTex/Materials/Dev_metallic_orange.mat
  artifactKey: Guid(8f61ba43f62e6524cba5e48f0913e4e2) Importer(815301076,1909f56bfc062723c751e8b465ee728b)
Start importing Assets/DevTex/Materials/Dev_metallic_orange.mat using Guid(8f61ba43f62e6524cba5e48f0913e4e2) Importer(815301076,1909f56bfc062723c751e8b465ee728b)  -> (artifact id: '2f41efd844f40ef0544ad40fa16bc70b') in 0.015331 seconds
Number of updated asset objects reloaded before import = 0
Number of asset objects unloaded after import = 3
========================================================================
Received Import Request.
  Time since last request: 0.000026 seconds.
  path: Assets/DevTex/Materials/Dev_matte_red.mat
  artifactKey: Guid(9dacba553faf37640b9b190387e0d6a4) Importer(815301076,1909f56bfc062723c751e8b465ee728b)
Start importing Assets/DevTex/Materials/Dev_matte_red.mat using Guid(9dacba553faf37640b9b190387e0d6a4) Importer(815301076,1909f56bfc062723c751e8b465ee728b)  -> (artifact id: '014ab92eb929f3b9d5a54f076af8f714') in 0.014199 seconds
Number of updated asset objects reloaded before import = 0
Number of asset objects unloaded after import = 2
========================================================================
Received Import Request.
  Time since last request: 0.000018 seconds.
  path: Assets/DevTex/Materials/Dev_trigger_script.mat
  artifactKey: Guid(886766f7665d845489797c05e9762ce1) Importer(815301076,1909f56bfc062723c751e8b465ee728b)
Start importing Assets/DevTex/Materials/Dev_trigger_script.mat using Guid(886766f7665d845489797c05e9762ce1) Importer(815301076,1909f56bfc062723c751e8b465ee728b)  -> (artifact id: 'eb15d9ee37bb6548f7e337636ad5356c') in 0.013965 seconds
Number of updated asset objects reloaded before import = 0
Number of asset objects unloaded after import = 2
========================================================================
Received Import Request.
  Time since last request: 0.000015 seconds.
  path: Assets/DevTex/Materials/Dev_matte_purple.mat
  artifactKey: Guid(883e689dfa4847941bce434d7db80613) Importer(815301076,1909f56bfc062723c751e8b465ee728b)
Start importing Assets/DevTex/Materials/Dev_matte_purple.mat using Guid(883e689dfa4847941bce434d7db80613) Importer(815301076,1909f56bfc062723c751e8b465ee728b)  -> (artifact id: '6f97fc55a4ee65a9b5777d2ccc775049') in 0.014887 seconds
Number of updated asset objects reloaded before import = 0
Number of asset objects unloaded after import = 2
========================================================================
Received Import Request.
  Time since last request: 0.000019 seconds.
  path: Assets/DevTex/Materials/Dev_metallic_grey75.mat
  artifactKey: Guid(da87d1f361784a4419e8f285a9f43652) Importer(815301076,1909f56bfc062723c751e8b465ee728b)
Start importing Assets/DevTex/Materials/Dev_metallic_grey75.mat using Guid(da87d1f361784a4419e8f285a9f43652) Importer(815301076,1909f56bfc062723c751e8b465ee728b)  -> (artifact id: '0f281d881c17ff6cfc12d2a27910ec45') in 0.015138 seconds
Number of updated asset objects reloaded before import = 0
Number of asset objects unloaded after import = 3
========================================================================
Received Import Request.
  Time since last request: 0.000016 seconds.
  path: Assets/DevTex/Materials/Dev_metallic_tan.mat
  artifactKey: Guid(c6ff35198bc8c154a9bb3e1446ea2a53) Importer(815301076,1909f56bfc062723c751e8b465ee728b)
Start importing Assets/DevTex/Materials/Dev_metallic_tan.mat using Guid(c6ff35198bc8c154a9bb3e1446ea2a53) Importer(815301076,1909f56bfc062723c751e8b465ee728b)  -> (artifact id: 'f9d0fc42fb43649fa06671bcc93c6ff1') in 0.018061 seconds
Number of updated asset objects reloaded before import = 0
Number of asset objects unloaded after import = 3
========================================================================
Received Import Request.
  Time since last request: 0.000013 seconds.
  path: Assets/DevTex/Materials/Dev_trigger_world.mat
  artifactKey: Guid(8dcd8427f7423a940b98db10f0680e54) Importer(815301076,1909f56bfc062723c751e8b465ee728b)
Start importing Assets/DevTex/Materials/Dev_trigger_world.mat using Guid(8dcd8427f7423a940b98db10f0680e54) Importer(815301076,1909f56bfc062723c751e8b465ee728b)  -> (artifact id: '32c324ef89606bf640f8c666c5e2b96a') in 0.014958 seconds
Number of updated asset objects reloaded before import = 0
Number of asset objects unloaded after import = 2
Editor requested this worker to shutdown with reason: Scaling down because of idle timeout
TcpMessagingSession - receive error: operation aborted. errorcode: 995, details: The I/O operation has been aborted because of either a thread exit or an application request.
AssetImportWorker is now disconnected from the server
Process exiting
Exiting without the bug reporter. Application will terminate with return code 0